0 info it worked if it ends with ok
1 verbose cli [ '/usr/bin/node', '/usr/bin/npm', 'start' ]
2 info using npm@6.14.8
3 info using node@v14.14.0
4 verbose run-script [ 'prestart', 'start', 'poststart' ]
5 info lifecycle project5@1.0.0~prestart: project5@1.0.0
6 info lifecycle project5@1.0.0~start: project5@1.0.0
7 verbose lifecycle project5@1.0.0~start: unsafe-perm in lifecycle true
8 verbose lifecycle project5@1.0.0~start: PATH: /usr/lib/node_modules/npm/node_modules/npm-lifecycle/node-gyp-bin:/home/ubuntu/project5/server/node_modules/.bin:/usr/local/sbin:/usr/local/bin:/usr/sbin:/usr/bin:/sbin:/bin:/usr/games:/usr/local/games:/snap/bin
9 verbose lifecycle project5@1.0.0~start: CWD: /home/ubuntu/project5/server
10 silly lifecycle project5@1.0.0~start: Args: [ '-c', "NODE_PORT=3002 PROXY_PATH='/project5/' node server.js" ]
11 silly lifecycle project5@1.0.0~start: Returned: code: 1  signal: null
12 info lifecycle project5@1.0.0~start: Failed to exec start script
13 verbose stack Error: project5@1.0.0 start: `NODE_PORT=3002 PROXY_PATH='/project5/' node server.js`
13 verbose stack Exit status 1
13 verbose stack     at EventEmitter.<anonymous> (/usr/lib/node_modules/npm/node_modules/npm-lifecycle/index.js:332:16)
13 verbose stack     at EventEmitter.emit (events.js:315:20)
13 verbose stack     at ChildProcess.<anonymous> (/usr/lib/node_modules/npm/node_modules/npm-lifecycle/lib/spawn.js:55:14)
13 verbose stack     at ChildProcess.emit (events.js:315:20)
13 verbose stack     at maybeClose (internal/child_process.js:1048:16)
13 verbose stack     at Process.ChildProcess._handle.onexit (internal/child_process.js:288:5)
14 verbose pkgid project5@1.0.0
15 verbose cwd /home/ubuntu/project5/server
16 verbose Linux 5.4.0-1028-aws
17 verbose argv "/usr/bin/node" "/usr/bin/npm" "start"
18 verbose node v14.14.0
19 verbose npm  v6.14.8
20 error code ELIFECYCLE
21 error errno 1
22 error project5@1.0.0 start: `NODE_PORT=3002 PROXY_PATH='/project5/' node server.js`
22 error Exit status 1
23 error Failed at the project5@1.0.0 start script.
23 error This is probably not a problem with npm. There is likely additional logging output above.
24 verbose exit [ 1, true ]
